  wawawawwawaw.cpp
C:\Users\wrath\source\repos\wawawawwawaw\wawawawwawaw\wawawawwawaw.cpp(305,29): warning C4477: 'fscanf' : format string '%d' requires an argument of type 'int *', but variadic argument 4 has type 'char *'
C:\Users\wrath\source\repos\wawawawwawaw\wawawawwawaw\wawawawwawaw.cpp(305,29): message : consider using '%hhd' in the format string
C:\Users\wrath\source\repos\wawawawwawaw\wawawawwawaw\wawawawwawaw.cpp(305,29): warning C4473: 'fscanf' : not enough arguments passed for format string
C:\Users\wrath\source\repos\wawawawwawaw\wawawawwawaw\wawawawwawaw.cpp(305,29): message : placeholders and their parameters expect 5 variadic arguments, but 4 were provided
C:\Users\wrath\source\repos\wawawawwawaw\wawawawwawaw\wawawawwawaw.cpp(305,29): message : the missing variadic argument 5 is required by format string '%d'
C:\Users\wrath\source\repos\wawawawwawaw\wawawawwawaw\wawawawwawaw.cpp(320,29): warning C4477: 'fscanf' : format string '%d' requires an argument of type 'int *', but variadic argument 4 has type 'char *'
C:\Users\wrath\source\repos\wawawawwawaw\wawawawwawaw\wawawawwawaw.cpp(320,29): message : consider using '%hhd' in the format string
C:\Users\wrath\source\repos\wawawawwawaw\wawawawwawaw\wawawawwawaw.cpp(320,29): warning C4473: 'fscanf' : not enough arguments passed for format string
C:\Users\wrath\source\repos\wawawawwawaw\wawawawwawaw\wawawawwawaw.cpp(320,29): message : placeholders and their parameters expect 5 variadic arguments, but 4 were provided
C:\Users\wrath\source\repos\wawawawwawaw\wawawawwawaw\wawawawwawaw.cpp(320,29): message : the missing variadic argument 5 is required by format string '%d'
C:\Users\wrath\source\repos\wawawawwawaw\wawawawwawaw\wawawawwawaw.cpp(354,29): warning C4477: 'fscanf' : format string '%d' requires an argument of type 'int *', but variadic argument 4 has type 'char *'
C:\Users\wrath\source\repos\wawawawwawaw\wawawawwawaw\wawawawwawaw.cpp(354,29): message : consider using '%hhd' in the format string
C:\Users\wrath\source\repos\wawawawwawaw\wawawawwawaw\wawawawwawaw.cpp(354,29): warning C4473: 'fscanf' : not enough arguments passed for format string
C:\Users\wrath\source\repos\wawawawwawaw\wawawawwawaw\wawawawwawaw.cpp(354,29): message : placeholders and their parameters expect 5 variadic arguments, but 4 were provided
C:\Users\wrath\source\repos\wawawawwawaw\wawawawwawaw\wawawawwawaw.cpp(354,29): message : the missing variadic argument 5 is required by format string '%d'
C:\Users\wrath\source\repos\wawawawwawaw\wawawawwawaw\wawawawwawaw.cpp(357,35): warning C4477: 'fprintf' : format string '%d' requires an argument of type 'int', but variadic argument 4 has type 'char *'
C:\Users\wrath\source\repos\wawawawwawaw\wawawawwawaw\wawawawwawaw.cpp(359,35): warning C4477: 'fprintf' : format string '%d' requires an argument of type 'int', but variadic argument 4 has type 'char *'
C:\Users\wrath\source\repos\wawawawwawaw\wawawawwawaw\wawawawwawaw.cpp(359,35): warning C4473: 'fprintf' : not enough arguments passed for format string
C:\Users\wrath\source\repos\wawawawwawaw\wawawawwawaw\wawawawwawaw.cpp(359,35): message : placeholders and their parameters expect 5 variadic arguments, but 4 were provided
C:\Users\wrath\source\repos\wawawawwawaw\wawawawwawaw\wawawawwawaw.cpp(359,35): message : the missing variadic argument 5 is required by format string '%d'
C:\Users\wrath\source\repos\wawawawwawaw\wawawawwawaw\wawawawwawaw.cpp(393,27): warning C4477: 'fprintf' : format string '%d' requires an argument of type 'int', but variadic argument 4 has type 'char *'
C:\Users\wrath\source\repos\wawawawwawaw\wawawawwawaw\wawawawwawaw.cpp(393,27): warning C4473: 'fprintf' : not enough arguments passed for format string
C:\Users\wrath\source\repos\wawawawwawaw\wawawawwawaw\wawawawwawaw.cpp(393,27): message : placeholders and their parameters expect 5 variadic arguments, but 4 were provided
C:\Users\wrath\source\repos\wawawawwawaw\wawawawwawaw\wawawawwawaw.cpp(393,27): message : the missing variadic argument 5 is required by format string '%d'
C:\Users\wrath\source\repos\wawawawwawaw\wawawawwawaw\wawawawwawaw.cpp(418,33): warning C4477: 'fscanf' : format string '%d' requires an argument of type 'int *', but variadic argument 4 has type 'char *'
C:\Users\wrath\source\repos\wawawawwawaw\wawawawwawaw\wawawawwawaw.cpp(418,33): message : consider using '%hhd' in the format string
C:\Users\wrath\source\repos\wawawawwawaw\wawawawwawaw\wawawawwawaw.cpp(418,33): warning C4473: 'fscanf' : not enough arguments passed for format string
C:\Users\wrath\source\repos\wawawawwawaw\wawawawwawaw\wawawawwawaw.cpp(418,33): message : placeholders and their parameters expect 5 variadic arguments, but 4 were provided
C:\Users\wrath\source\repos\wawawawwawaw\wawawawwawaw\wawawawwawaw.cpp(418,33): message : the missing variadic argument 5 is required by format string '%d'
C:\Users\wrath\source\repos\wawawawwawaw\wawawawwawaw\wawawawwawaw.cpp(420,39): warning C4477: 'fprintf' : format string '%d' requires an argument of type 'int', but variadic argument 4 has type 'char *'
C:\Users\wrath\source\repos\wawawawwawaw\wawawawwawaw\wawawawwawaw.cpp(420,39): warning C4473: 'fprintf' : not enough arguments passed for format string
C:\Users\wrath\source\repos\wawawawwawaw\wawawawwawaw\wawawawwawaw.cpp(420,39): message : placeholders and their parameters expect 5 variadic arguments, but 4 were provided
C:\Users\wrath\source\repos\wawawawwawaw\wawawawwawaw\wawawawwawaw.cpp(420,39): message : the missing variadic argument 5 is required by format string '%d'
C:\Users\wrath\source\repos\wawawawwawaw\wawawawwawaw\wawawawwawaw.cpp(519,29): warning C4477: 'fscanf' : format string '%d' requires an argument of type 'int *', but variadic argument 4 has type 'char *'
C:\Users\wrath\source\repos\wawawawwawaw\wawawawwawaw\wawawawwawaw.cpp(519,29): message : consider using '%hhd' in the format string
C:\Users\wrath\source\repos\wawawawwawaw\wawawawwawaw\wawawawwawaw.cpp(519,29): warning C4477: 'fscanf' : format string '%d' requires an argument of type 'int *', but variadic argument 5 has type 'char *'
C:\Users\wrath\source\repos\wawawawwawaw\wawawawwawaw\wawawawwawaw.cpp(519,29): message : consider using '%hhd' in the format string
C:\Users\wrath\source\repos\wawawawwawaw\wawawawwawaw\wawawawwawaw.cpp(534,29): warning C4477: 'fscanf' : format string '%d' requires an argument of type 'int *', but variadic argument 4 has type 'char *'
C:\Users\wrath\source\repos\wawawawwawaw\wawawawwawaw\wawawawwawaw.cpp(534,29): message : consider using '%hhd' in the format string
C:\Users\wrath\source\repos\wawawawwawaw\wawawawwawaw\wawawawwawaw.cpp(534,29): warning C4477: 'fscanf' : format string '%d' requires an argument of type 'int *', but variadic argument 5 has type 'char *'
C:\Users\wrath\source\repos\wawawawwawaw\wawawawwawaw\wawawawwawaw.cpp(534,29): message : consider using '%hhd' in the format string
C:\Users\wrath\source\repos\wawawawwawaw\wawawawwawaw\wawawawwawaw.cpp(579,27): warning C4477: 'fprintf' : format string '%d' requires an argument of type 'int', but variadic argument 4 has type 'char *'
C:\Users\wrath\source\repos\wawawawwawaw\wawawawwawaw\wawawawwawaw.cpp(579,27): warning C4477: 'fprintf' : format string '%d' requires an argument of type 'int', but variadic argument 5 has type 'char *'
C:\Users\wrath\source\repos\wawawawwawaw\wawawawwawaw\wawawawwawaw.cpp(663,77): warning C4474: 'fscanf' : too many arguments passed for format string
C:\Users\wrath\source\repos\wawawawwawaw\wawawawwawaw\wawawawwawaw.cpp(663,77): message : placeholders and their parameters expect 3 variadic arguments, but 4 were provided
C:\Users\wrath\source\repos\wawawawwawaw\wawawawwawaw\wawawawwawaw.cpp(678,77): warning C4474: 'fscanf' : too many arguments passed for format string
C:\Users\wrath\source\repos\wawawawwawaw\wawawawwawaw\wawawawwawaw.cpp(678,77): message : placeholders and their parameters expect 3 variadic arguments, but 4 were provided
C:\Users\wrath\source\repos\wawawawwawaw\wawawawwawaw\wawawawwawaw.cpp(718,27): warning C4477: 'fprintf' : format string '%d' requires an argument of type 'int', but variadic argument 4 has type 'char *'
C:\Users\wrath\source\repos\wawawawwawaw\wawawawwawaw\wawawawwawaw.cpp(718,27): warning C4473: 'fprintf' : not enough arguments passed for format string
C:\Users\wrath\source\repos\wawawawwawaw\wawawawwawaw\wawawawwawaw.cpp(718,27): message : placeholders and their parameters expect 5 variadic arguments, but 4 were provided
C:\Users\wrath\source\repos\wawawawwawaw\wawawawwawaw\wawawawwawaw.cpp(718,27): message : the missing variadic argument 5 is required by format string '%d'
C:\Users\wrath\source\repos\wawawawwawaw\wawawawwawaw\wawawawwawaw.cpp(824,1): error C2628: 'Menu' followed by 'int' is illegal (did you forget a ';'?)
C:\Users\wrath\source\repos\wawawawwawaw\wawawawwawaw\wawawawwawaw.cpp(825,1): error C3874: return type of 'main' should be 'int' instead of 'Menu'
C:\Users\wrath\source\repos\wawawawwawaw\wawawawwawaw\wawawawwawaw.cpp(827,11): error C2143: syntax error: missing ';' before ':'
C:\Users\wrath\source\repos\wawawawwawaw\wawawawwawaw\wawawawwawaw.cpp(827,11): error C2059: syntax error: ':'
C:\Users\wrath\source\repos\wawawawwawaw\wawawawwawaw\wawawawwawaw.cpp(829,13): error C2440: 'return': cannot convert from 'int' to 'Menu'
C:\Users\wrath\source\repos\wawawawwawaw\wawawawwawaw\wawawawwawaw.cpp(829,13): message : No constructor could take the source type, or constructor overload resolution was ambiguous
C:\Users\wrath\source\repos\wawawawwawaw\wawawawwawaw\wawawawwawaw.cpp(806,19): error C2352: 'employee::Eoptions': illegal call of non-static member function
C:\Users\wrath\source\repos\wawawawwawaw\wawawawwawaw\wawawawwawaw.cpp(215): message : see declaration of 'employee::Eoptions'
C:\Users\wrath\source\repos\wawawawwawaw\wawawawwawaw\wawawawwawaw.cpp(809,18): error C2352: 'clients::Coptions': illegal call of non-static member function
C:\Users\wrath\source\repos\wawawawwawaw\wawawawwawaw\wawawawwawaw.cpp(432): message : see declaration of 'clients::Coptions'
C:\Users\wrath\source\repos\wawawawwawaw\wawawawwawaw\wawawawwawaw.cpp(812,16): error C2352: 'sales::Soptions': illegal call of non-static member function
C:\Users\wrath\source\repos\wawawawwawaw\wawawawwawaw\wawawawwawaw.cpp(589): message : see declaration of 'sales::Soptions'
C:\Users\wrath\source\repos\wawawawwawaw\wawawawwawaw\wawawawwawaw.cpp(815,19): error C2352: 'products::Poptions': illegal call of non-static member function
C:\Users\wrath\source\repos\wawawawwawaw\wawawawwawaw\wawawawwawaw.cpp(728): message : see declaration of 'products::Poptions'
